Arguments: 
  C:\Users\X240\AppData\Roaming\nvm\v20.4.0\node.exe C:\Users\X240\AppData\Roaming\npm\node_modules\yarn\bin\yarn.js install

PATH: 
  C:\Program Files\Microsoft\jdk-17.0.12.7-hotspot\bin;C:\Python310\Scripts\;C:\Python310\;E:\app\X240\product\11.2.0\client_3\bin;E:\app\X240\product\11.2.0\client_2;C:\app\X240\product\11.2.0\client_1\bin;c:\app\X240\product\11.2.0\client_2;E:\app\X240\product\11.2.0\client_1\bin;C:\Program Files (x86)\Common Files\Oracle\Java\javapath;C:\ProgramData\Oracle\Java\javapath;C:\Program Files (x86)\Intel\iCLS Client\;C:\Program Files\Intel\iCLS Client\;C:\WINDOWS\system32;C:\WINDOWS;C:\WINDOWS\System32\Wbem;C:\WINDOWS\System32\WindowsPowerShell\v1.0\;C:\Program Files\Intel\Intel(R) Management Engine Components\DAL;C:\Program Files\Intel\Intel(R) Management Engine Components\IPT;C:\Program Files (x86)\Intel\Intel(R) Management Engine Components\DAL;C:\Program Files (x86)\Intel\Intel(R) Management Engine Components\IPT;C:\Program Files (x86)\Intel\OpenCL SDK\3.0\bin\x86;C:\Program Files (x86)\Intel\OpenCL SDK\3.0\bin\x64;C:\Program Files\Lenovo\Fingerprint Manager Pro\;C:\ProgramData\Lenovo\ReadyApps;c:\Program Files (x86)\Microsoft SQL Server\100\Tools\Binn\;c:\Program Files\Microsoft SQL Server\100\Tools\Binn\;c:\Program Files\Microsoft SQL Server\100\DTS\Binn\;c:\Program Files (x86)\Microsoft SQL Server\100\Tools\Binn\VSShell\Common7\IDE\;c:\Program Files (x86)\Microsoft SQL Server\100\DTS\Binn\;C:\WINDOWS\System32\OpenSSH\;C:\Program Files\Git\cmd;C:\Program Files\Intel\WiFi\bin\;C:\Program Files\Common Files\Intel\WirelessCommon\;C:\Program Files (x86)\Google\Cloud SDK\google-cloud-sdk\bin;C:\Program Files\Amazon\AWSCLIV2\;C:\Program Files\Docker\Docker\resources\bin;C:\ProgramData\DockerDesktop\version-bin;C:\ProgramData\chocolatey\bin;C:\gradle-7.4.1\bin;C:\Program Files\MongoDB\Tools\100\bin;C:\Program Files (x86)\dotnet\;C:\Program Files\PuTTY\;C:\Program Files\Microsoft SQL Server\150\Tools\Binn\;C:\Program Files\Microsoft SQL Server\Client SDK\ODBC\170\Tools\Binn\;C:\Program Files\dotnet\;C:\Users\X240\AppData\Roaming\nvm\v20.4.0;C:\Users\X240\AppData\Local\Programs\Python\Launcher\;C:\Program Files\MySQL\MySQL Shell 8.0\bin\;C:\Users\X240\AppData\Local\Programs\Python\Python39\Scripts\;C:\Users\X240\AppData\Local\Programs\Python\Python39\;C:\Users\X240\AppData\Local\Microsoft\WindowsApps;C:\Program Files\Intel\WiFi\bin\;C:\Program Files\Common Files\Intel\WirelessCommon\;C:\Users\X240\AppData\Local\GitHubDesktop\bin;C:\Users\X240\AppData\Local\Microsoft\WindowsApps;C:\Program Files (x86)\GitHub CLI\;C:\Users\X240\AppData\Local\Programs\Microsoft VS Code\bin;C:\Users\X240\AppData\Local\Android\Sdk\platform-tools;C:\Users\X240\AppData\Roaming\npm;C:\Users\X240\.dotnet\tools;C:\Users\X240\AppData\Roaming\nvm\v20.4.0;

Yarn version: 
  1.22.10

Node version: 
  20.4.0

Platform: 
  win32 x64

Trace: 
  Error: https://registry.yarnpkg.com/@fortawesome/free-solid-svg-icons/-/free-solid-svg-icons-6.6.0.tgz: ESOCKETTIMEDOUT
      at ClientRequest.<anonymous> (C:\Users\X240\AppData\Roaming\npm\node_modules\yarn\lib\cli.js:141289:19)
      at Object.onceWrapper (node:events:626:28)
      at ClientRequest.emit (node:events:512:28)
      at TLSSocket.emitRequestTimeout (node:_http_client:840:9)
      at Object.onceWrapper (node:events:626:28)
      at TLSSocket.emit (node:events:524:35)
      at Socket._onTimeout (node:net:586:8)
      at listOnTimeout (node:internal/timers:573:17)
      at process.processTimers (node:internal/timers:514:7)

npm manifest: 
  {
    "name": "restaurant",
    "version": "1.1.0",
    "main": "node_modules/expo/AppEntry.js",
    "typings": "./index.d.ts",
    "scripts": {
      "start": "expo start",
      "android": "expo run:android",
      "ios": "expo run:ios",
      "web": "expo start --web",
      "eject": "expo eject",
      "start:staging": "APP_ENV=staging npx react-native start"
    },
    "expo": {
      "ios": {
        "privacyManifests": {
          "NSPrivacyAccessedAPITypes": [
            {
              "NSPrivacyAccessedAPIType": "NSPrivacyAccessedAPICategoryUserDefaults",
              "NSPrivacyAccessedAPITypeReasons": [
                "CA92.1"
              ]
            }
          ]
        }
      }
    },
    "dependencies": {
      "@expo-google-fonts/inter": "^0.2.2",
      "@expo/config-plugins": "~8.0.0",
      "@expo/metro-runtime": "~3.2.3",
      "@expo/prebuild-config": "~7.0.0",
      "@fortawesome/fontawesome-svg-core": "^6.6.0",
      "@fortawesome/free-brands-svg-icons": "^6.6.0",
      "@fortawesome/free-regular-svg-icons": "^6.6.0",
      "@fortawesome/free-solid-svg-icons": "^6.6.0",
      "@fortawesome/react-native-fontawesome": "^0.3.2",
      "@react-native-masked-view/masked-view": "^0.3.1",
      "@react-navigation/elements": "^1.3.1",
      "@react-navigation/native": "^6.1.18",
      "@react-navigation/native-stack": "^6.5.0",
      "@react-navigation/stack": "^6.1.1",
      "@redux-devtools/extension": "^3.3.0",
      "@reduxjs/toolkit": "^1.8.1",
      "@types/google-apps-script": "^1.0.45",
      "@types/react": "~18.2.79",
      "date-fns": "^2.28.0",
      "eas": "^0.1.0",
      "eas-cli": "^0.49.0",
      "expo": "^51.0.32",
      "expo-constants": "~16.0.2",
      "expo-dev-client": "~4.0.26",
      "expo-font": "~12.0.10",
      "expo-print": "~13.0.1",
      "expo-sharing": "~12.0.1",
      "expo-splash-screen": "~0.27.5",
      "expo-status-bar": "~1.12.1",
      "expo-updates": "~0.25.25",
      "gapi-script": "^1.2.0",
      "google-spreadsheet": "^4.1.4",
      "localstorage-polyfill": "^1.0.1",
      "multer": "^1.4.5-lts.1",
      "number-to-locale-string-polyfill": "^1.0.9",
      "path": "^0.12.7",
      "react": "18.2.0",
      "react-dom": "18.2.0",
      "react-native": "0.74.5",
      "react-native-config": "^1.4.6",
      "react-native-flash-message": "^0.2.1",
      "react-native-gesture-handler": "~2.16.1",
      "react-native-paper": "^4.11.2",
      "react-native-reanimated": "~3.10.1",
      "react-native-safe-area-context": "4.10.5",
      "react-native-screens": "3.31.1",
      "react-native-select-dropdown": "^1.11.0",
      "react-native-svg": "15.2.0",
      "react-native-web": "~0.19.10",
      "react-native-webview": "13.8.6",
      "react-redux": "^7.2.6",
      "redux": "^4.1.2",
      "sharp-cli": "^5.1.0",
      "victory-native": "^36.3.1"
    },
    "devDependencies": {
      "@babel/core": "^7.12.9",
      "react-native-dotenv": "^3.4.11"
    },
    "private": true,
    "browser": {
      "fs": false,
      "child_process": false
    },
    "overrides": {
      "semver": "~7.5.3",
      "dicer": "~0.3.1",
      "send": "~0.19.0"
    
    }
  }

yarn manifest: 
  No manifest

Lockfile: 
  No lockfile
